==============================================================
File generated by Vivado(TM) HLS - High-Level Synthesis from C, C++ and SystemC
Version: 2016.2
Copyright (C) 1986-2016 Xilinx, Inc. All Rights Reserved.

==============================================================

@I [HLS-10] Setting target device to 'xc7z020clg484-1'
@I [SYN-201] Setting up clock 'default' with a period of 10ns.
@I [SIM-1] CSim done with 0 errors.
@I [HLS-10] Analyzing design file 'layer.cpp' ... 
@I [HLS-10] Analyzing design file 'cnn.cpp' ... 
@I [HLS-10] Validating synthesis directives ...
@I [HLS-10] Starting code transformations ...
@I [HLS-10] Checking synthesizability ...
@I [XFORM-602] Inlining function 'cnn_xcel' into 'dut' (cnn.cpp:30) automatically.
@W [SYNCHK-23] cnn.cpp:51: variable-indexed range selection may cause suboptimal QoR.
@I [SYNCHK-10] 0 error(s), 1 warning(s).
@I [XFORM-602] Inlining function 'cnn_xcel' into 'dut' (cnn.cpp:30) automatically.
@I [XFORM-11] Balancing expressions in function 'perform_conv' (layer.cpp:22)...3 expression(s) balanced.
@I [HLS-111] Elapsed time: 22.29 seconds; current memory usage: 95.8 MB.
@I [HLS-10] Starting hardware synthesis ...
@I [HLS-10] Synthesizing 'dut' ...
@I [HLS-10] ----------------------------------------------------------------
@I [HLS-10] -- Scheduling module 'dut_perform_conv' 
@I [HLS-10] ----------------------------------------------------------------
@I [SCHED-11] Starting scheduling ...
@I [SCHED-11] Finished scheduling.
@I [HLS-111] Elapsed time: 0.11 seconds; current memory usage: 96.9 MB.
@I [HLS-10] ----------------------------------------------------------------
@I [HLS-10] -- Exploring micro-architecture for module 'dut_perform_conv' 
@I [HLS-10] ----------------------------------------------------------------
@I [BIND-100] Starting micro-architecture generation ...
@I [BIND-101] Performing variable lifetime analysis.
@I [BIND-101] Exploring resource sharing.
@I [BIND-101] Binding ...
@I [BIND-100] Finished micro-architecture generation.
@I [HLS-111] Elapsed time: 0.04 seconds; current memory usage: 97.6 MB.
@I [HLS-10] ----------------------------------------------------------------
@I [HLS-10] -- Scheduling module 'dut' 
@I [HLS-10] ----------------------------------------------------------------
@I [SCHED-11] Starting scheduling ...
@I [SCHED-11] Finished scheduling.
@I [HLS-111] Elapsed time: 0.13 seconds; current memory usage: 97.9 MB.
@I [HLS-10] ----------------------------------------------------------------
@I [HLS-10] -- Exploring micro-architecture for module 'dut' 
@I [HLS-10] ----------------------------------------------------------------
@I [BIND-100] Starting micro-architecture generation ...
@I [BIND-101] Performing variable lifetime analysis.
@I [BIND-101] Exploring resource sharing.
@I [BIND-101] Binding ...
@I [BIND-100] Finished micro-architecture generation.
@I [HLS-111] Elapsed time: 0.03 seconds; current memory usage: 98.2 MB.
@I [HLS-10] ----------------------------------------------------------------
@I [HLS-10] -- Generating RTL for module 'dut_perform_conv' 
@I [HLS-10] ----------------------------------------------------------------
@I [RTGEN-100] Generating core module 'dut_fadd_32ns_32ns_32_5_full_dsp': 1 instance(s).
@I [RTGEN-100] Generating core module 'dut_fcmp_32ns_32ns_1_1': 1 instance(s).
@I [RTGEN-100] Generating core module 'dut_fmul_32ns_32ns_32_4_max_dsp': 1 instance(s).
@I [RTGEN-100] Finished creating RTL model for 'dut_perform_conv'.
@I [HLS-111] Elapsed time: 0.09 seconds; current memory usage: 99.2 MB.
@I [HLS-10] ----------------------------------------------------------------
@I [HLS-10] -- Generating RTL for module 'dut' 
@I [HLS-10] ----------------------------------------------------------------
@I [RTGEN-500] Setting interface mode on port 'dut/strm_in_V_V' to 'ap_fifo'.
@I [RTGEN-500] Setting interface mode on port 'dut/strm_out_V_V' to 'ap_fifo'.
@I [RTGEN-500] Setting interface mode on function 'dut' to 'ap_ctrl_hs'.
@I [RTGEN-100] Generating core module 'dut_uitofp_32ns_32_6': 1 instance(s).
@I [RTGEN-100] Finished creating RTL model for 'dut'.
@I [HLS-111] Elapsed time: 0.26 seconds; current memory usage: 103 MB.
@W [RTMG-274] Memory 'dut_w_conv1' is read-only, switch it to a ROM.
@I [RTMG-279] Implementing memory 'dut_w_conv1_rom' using block ROMs.
@W [RTMG-274] Memory 'dut_b_conv1' is read-only, switch it to a ROM.
@I [RTMG-279] Implementing memory 'dut_b_conv1_rom' using block ROMs.
@W [RTMG-274] Memory 'dut_w_conv2' is read-only, switch it to a ROM.
@I [RTMG-279] Implementing memory 'dut_w_conv2_rom' using block ROMs.
@W [RTMG-274] Memory 'dut_b_conv2' is read-only, switch it to a ROM.
@I [RTMG-279] Implementing memory 'dut_b_conv2_rom' using block ROMs.
@I [RTMG-278] Implementing memory 'dut_mem_conv1_ram' using block RAMs.
@I [RTMG-278] Implementing memory 'dut_output_V_assign_ram' using block RAMs.
@I [HLS-10] Finished generating all RTL models.
@I [SYSC-301] Generating SystemC RTL for dut.
@I [VHDL-304] Generating VHDL RTL for dut.
@I [VLOG-307] Generating Verilog RTL for dut.
@I [HLS-112] Total elapsed time: 50.680 seconds; peak memory usage: 103 MB.
