

================================================================
== Vivado HLS Report for 'dut_cnn_xcel'
================================================================
* Date:           Fri Nov  3 20:50:45 2017

* Version:        2016.2 (Build 1577090 on Thu Jun 02 16:59:10 MDT 2016)
* Project:        cnn.prj
* Solution:       solution1
* Product family: zynq
* Target device:  xc7z020clg484-1


================================================================
== Performance Estimates
================================================================
+ Timing (ns): 
    * Summary: 
    +--------+-------+----------+------------+
    |  Clock | Target| Estimated| Uncertainty|
    +--------+-------+----------+------------+
    |ap_clk  |  10.00|      8.72|        1.25|
    +--------+-------+----------+------------+

+ Latency (clock cycles): 
    * Summary: 
    +--------+--------+--------+--------+---------+
    |     Latency     |     Interval    | Pipeline|
    |   min  |   max  |   min  |   max  |   Type  |
    +--------+--------+--------+--------+---------+
    |  126970|  126970|  126970|  126970|   none  |
    +--------+--------+--------+--------+---------+

    + Detail: 
        * Instance: 
        +-------------------------------+--------------------+--------+--------+--------+--------+---------+
        |                               |                    |     Latency     |     Interval    | Pipeline|
        |            Instance           |       Module       |   min  |   max  |   min  |   max  |   Type  |
        +-------------------------------+--------------------+--------+--------+--------+--------+---------+
        |grp_dut_perform_conv_1_fu_257  |dut_perform_conv_1  |  104499|  104499|  104499|  104499|   none  |
        |grp_dut_perform_conv_fu_273    |dut_perform_conv    |   17233|   17233|   17233|   17233|   none  |
        +-------------------------------+--------------------+--------+--------+--------+--------+---------+

        * Loop: 
        +----------+------+------+----------+-----------+-----------+------+----------+
        |          |   Latency   | Iteration|  Initiation Interval  | Trip |          |
        | Loop Name|  min |  max |  Latency |  achieved |   target  | Count| Pipelined|
        +----------+------+------+----------+-----------+-----------+------+----------+
        |- Loop 1  |    49|    49|         1|          -|          -|    49|    no    |
        |- Loop 2  |  5184|  5184|         9|          -|          -|   576|    no    |
        +----------+------+------+----------+-----------+-----------+------+----------+



================================================================
== Utilization Estimates
================================================================
* Summary: 
+-----------------+---------+-------+--------+-------+
|       Name      | BRAM_18K| DSP48E|   FF   |  LUT  |
+-----------------+---------+-------+--------+-------+
|DSP              |        -|      -|       -|      -|
|Expression       |        -|      -|       0|    172|
|FIFO             |        -|      -|       -|      -|
|Instance         |       48|     46|    7223|   8056|
|Memory           |        8|      -|       0|      0|
|Multiplexer      |        -|      -|       -|    199|
|Register         |        -|      -|     170|      -|
+-----------------+---------+-------+--------+-------+
|Total            |       56|     46|    7393|   8427|
+-----------------+---------+-------+--------+-------+
|Available        |      280|    220|  106400|  53200|
+-----------------+---------+-------+--------+-------+
|Utilization (%)  |       20|     20|       6|     15|
+-----------------+---------+-------+--------+-------+

+ Detail: 
    * Instance: 
    +-------------------------------+---------------------+---------+-------+------+------+
    |            Instance           |        Module       | BRAM_18K| DSP48E|  FF  |  LUT |
    +-------------------------------+---------------------+---------+-------+------+------+
    |grp_dut_perform_conv_fu_273    |dut_perform_conv     |       24|     24|  3032|  3181|
    |grp_dut_perform_conv_1_fu_257  |dut_perform_conv_1   |       24|     22|  3851|  4321|
    |dut_sitofp_32s_32_6_U94        |dut_sitofp_32s_32_6  |        0|      0|   340|   554|
    +-------------------------------+---------------------+---------+-------+------+------+
    |Total                          |                     |       48|     46|  7223|  8056|
    +-------------------------------+---------------------+---------+-------+------+------+

    * DSP48: 
    N/A

    * Memory: 
    +-----------------+----------------------------+---------+---+----+------+-----+------+-------------+
    |      Memory     |           Module           | BRAM_18K| FF| LUT| Words| Bits| Banks| W*Bits*Banks|
    +-----------------+----------------------------+---------+---+----+------+-----+------+-------------+
    |mem_conv1_0_V_U  |dut_cnn_xcel_mem_conv1_0_V  |        1|  0|   0|   267|   14|     1|         3738|
    |mem_conv1_1_V_U  |dut_cnn_xcel_mem_conv1_0_V  |        1|  0|   0|   267|   14|     1|         3738|
    |mem_conv1_2_V_U  |dut_cnn_xcel_mem_conv1_2_V  |        1|  0|   0|   266|   14|     1|         3724|
    |mem_conv2_0_V_U  |dut_cnn_xcel_mem_conv2_0_V  |        1|  0|   0|   160|   14|     1|         2240|
    |mem_conv2_1_V_U  |dut_cnn_xcel_mem_conv2_0_V  |        1|  0|   0|   160|   14|     1|         2240|
    |mem_conv2_2_V_U  |dut_cnn_xcel_mem_conv2_0_V  |        1|  0|   0|   160|   14|     1|         2240|
    |mem_conv2_3_V_U  |dut_cnn_xcel_mem_conv2_0_V  |        1|  0|   0|   160|   14|     1|         2240|
    |mem_conv2_4_V_U  |dut_cnn_xcel_mem_conv2_0_V  |        1|  0|   0|   160|   14|     1|         2240|
    +-----------------+----------------------------+---------+---+----+------+-----+------+-------------+
    |Total            |                            |        8|  0|   0|  1600|  112|     8|        22400|
    +-----------------+----------------------------+---------+---+----+------+-----+------+-------------+

    * FIFO: 
    N/A

    * Expression: 
    +--------------------------------+----------+-------+---+----+------------+------------+
    |          Variable Name         | Operation| DSP48E| FF| LUT| Bitwidth P0| Bitwidth P1|
    +--------------------------------+----------+-------+---+----+------------+------------+
    |exp_V_2_fu_486_p2               |     +    |      0|  0|   8|           5|           8|
    |i_3_fu_383_p2                   |     +    |      0|  0|  10|          10|           1|
    |i_fu_302_p2                     |     +    |      0|  0|   6|           6|           1|
    |next_mul5_fu_413_p2             |     +    |      0|  0|  20|          11|          20|
    |next_mul_fu_334_p2              |     +    |      0|  0|  13|           7|          13|
    |next_urem7_fu_389_p2            |     +    |      0|  0|  10|           1|          10|
    |next_urem_fu_357_p2             |     +    |      0|  0|   6|           6|           1|
    |exitcond5_fu_296_p2             |   icmp   |      0|  0|   3|           6|           5|
    |exitcond_fu_377_p2              |   icmp   |      0|  0|   4|          10|          10|
    |sel_tmp2_fu_442_p2              |   icmp   |      0|  0|   2|           3|           1|
    |sel_tmp_fu_436_p2               |   icmp   |      0|  0|   2|           3|           1|
    |tmp_17_fu_462_p2                |   icmp   |      0|  0|   5|          14|           1|
    |tmp_72_fu_395_p2                |   icmp   |      0|  0|   4|          10|           2|
    |tmp_75_fu_363_p2                |   icmp   |      0|  0|   3|           6|           2|
    |idx_urem8_fu_401_p3             |  select  |      0|  0|  10|           1|          10|
    |idx_urem_fu_369_p3              |  select  |      0|  0|   6|           1|           6|
    |mem_conv1_V_load_phi_fu_455_p3  |  select  |      0|  0|  14|           1|          14|
    |output_V_d0                     |  select  |      0|  0|  32|           1|           1|
    |sel_tmp1_fu_448_p3              |  select  |      0|  0|  14|           1|          14|
    +--------------------------------+----------+-------+---+----+------------+------------+
    |Total                           |          |      0|  0| 172|         103|         121|
    +--------------------------------+----------+-------+---+----+------------+------------+

    * Multiplexer: 
    +------------------------+----+-----------+-----+-----------+
    |          Name          | LUT| Input Size| Bits| Total Bits|
    +------------------------+----+-----------+-----+-----------+
    |ap_NS_fsm               |   6|         15|    1|         15|
    |bvh_d_index_reg_190     |   6|          2|    6|         12|
    |i2_reg_223              |  10|          2|   10|         20|
    |mem_conv1_0_V_address0  |   9|          5|    9|         45|
    |mem_conv1_0_V_ce0       |   1|          4|    1|          4|
    |mem_conv1_0_V_ce1       |   1|          2|    1|          2|
    |mem_conv1_0_V_d0        |  14|          3|   14|         42|
    |mem_conv1_0_V_we0       |   1|          3|    1|          3|
    |mem_conv1_1_V_address0  |   9|          5|    9|         45|
    |mem_conv1_1_V_ce0       |   1|          4|    1|          4|
    |mem_conv1_1_V_ce1       |   1|          2|    1|          2|
    |mem_conv1_1_V_d0        |  14|          3|   14|         42|
    |mem_conv1_1_V_we0       |   1|          3|    1|          3|
    |mem_conv1_2_V_address0  |   9|          5|    9|         45|
    |mem_conv1_2_V_ce0       |   1|          4|    1|          4|
    |mem_conv1_2_V_ce1       |   1|          2|    1|          2|
    |mem_conv1_2_V_d0        |  14|          3|   14|         42|
    |mem_conv1_2_V_we0       |   1|          3|    1|          3|
    |mem_conv2_0_V_address0  |   8|          3|    8|         24|
    |mem_conv2_0_V_ce0       |   1|          3|    1|          3|
    |mem_conv2_0_V_ce1       |   1|          2|    1|          2|
    |mem_conv2_1_V_address0  |   8|          3|    8|         24|
    |mem_conv2_1_V_ce0       |   1|          3|    1|          3|
    |mem_conv2_1_V_ce1       |   1|          2|    1|          2|
    |mem_conv2_2_V_address0  |   8|          3|    8|         24|
    |mem_conv2_2_V_ce0       |   1|          3|    1|          3|
    |mem_conv2_2_V_ce1       |   1|          2|    1|          2|
    |mem_conv2_3_V_address0  |   8|          3|    8|         24|
    |mem_conv2_3_V_ce0       |   1|          3|    1|          3|
    |mem_conv2_3_V_ce1       |   1|          2|    1|          2|
    |mem_conv2_4_V_address0  |   8|          3|    8|         24|
    |mem_conv2_4_V_ce0       |   1|          3|    1|          3|
    |mem_conv2_4_V_ce1       |   1|          2|    1|          2|
    |phi_mul4_reg_235        |  20|          2|   20|         40|
    |phi_mul_reg_201         |  13|          2|   13|         26|
    |phi_urem6_reg_246       |  10|          2|   10|         20|
    |phi_urem_reg_212        |   6|          2|    6|         12|
    +------------------------+----+-----------+-----+-----------+
    |Total                   | 199|        118|  194|        578|
    +------------------------+----+-----------+-----+-----------+

    * Register: 
    +-----------------------------------------------+----+----+-----+-----------+
    |                      Name                     | FF | LUT| Bits| Const Bits|
    +-----------------------------------------------+----+----+-----+-----------+
    |ap_CS_fsm                                      |  14|   0|   14|          0|
    |ap_reg_grp_dut_perform_conv_1_fu_257_ap_start  |   1|   0|    1|          0|
    |ap_reg_grp_dut_perform_conv_fu_273_ap_start    |   1|   0|    1|          0|
    |bvh_d_index_reg_190                            |   6|   0|    6|          0|
    |i2_reg_223                                     |  10|   0|   10|          0|
    |i_3_reg_545                                    |  10|   0|   10|          0|
    |idx_urem8_reg_550                              |  10|   0|   10|          0|
    |mem_conv1_V_load_phi_reg_585                   |  14|   0|   14|          0|
    |next_mul5_reg_555                              |  20|   0|   20|          0|
    |p_Result_s_reg_600                             |  32|   0|   32|          0|
    |phi_mul4_reg_235                               |  20|   0|   20|          0|
    |phi_mul_reg_201                                |  13|   0|   13|          0|
    |phi_urem6_reg_246                              |  10|   0|   10|          0|
    |phi_urem_reg_212                               |   6|   0|    6|          0|
    |sel_tmp2_reg_580                               |   1|   0|    1|          0|
    |sel_tmp_reg_575                                |   1|   0|    1|          0|
    |tmp_17_reg_590                                 |   1|   0|    1|          0|
    +-----------------------------------------------+----+----+-----+-----------+
    |Total                                          | 170|   0|  170|          0|
    +-----------------------------------------------+----+----+-----+-----------+



================================================================
== Interface
================================================================
* Summary: 
+-------------------+-----+-----+------------+--------------+--------------+
|     RTL Ports     | Dir | Bits|  Protocol  | Source Object|    C Type    |
+-------------------+-----+-----+------------+--------------+--------------+
|ap_clk             |  in |    1| ap_ctrl_hs | dut_cnn_xcel | return value |
|ap_rst             |  in |    1| ap_ctrl_hs | dut_cnn_xcel | return value |
|ap_start           |  in |    1| ap_ctrl_hs | dut_cnn_xcel | return value |
|ap_done            | out |    1| ap_ctrl_hs | dut_cnn_xcel | return value |
|ap_idle            | out |    1| ap_ctrl_hs | dut_cnn_xcel | return value |
|ap_ready           | out |    1| ap_ctrl_hs | dut_cnn_xcel | return value |
|input_V            |  in |   49|   ap_none  |    input_V   |    scalar    |
|output_V_address0  | out |   10|  ap_memory |   output_V   |     array    |
|output_V_ce0       | out |    1|  ap_memory |   output_V   |     array    |
|output_V_we0       | out |    1|  ap_memory |   output_V   |     array    |
|output_V_d0        | out |   32|  ap_memory |   output_V   |     array    |
+-------------------+-----+-----+------------+--------------+--------------+

